[backupTools]2023/06/06 09:20:39 正在压缩{E:\Shared}文件到E:\/笔记20230606172039.zip
[backupTools]2023/06/06 09:20:41 压缩成功！！！
[backupTools]2023/06/06 09:20:41 正在清理历史文件
[backupTools]2023/06/06 09:20:41 正在清理E:\/笔记20230606165405.zip
[backupTools]2023/06/06 09:20:41 清理完成，备份结束！！！
[backupTools]2023/06/06 09:21:54 正在压缩{E:\BaiduNetdiskDownload}文件到E:\/笔记20230606172154.zip
[backupTools]2023/06/06 09:23:47 压缩成功！！！
[backupTools]2023/06/06 09:23:47 正在清理历史文件
[backupTools]2023/06/06 09:23:47 正在清理E:\/笔记20230606170840.zip
[backupTools]2023/06/06 09:23:47 清理完成，备份结束！！！
[backupTools]2023/06/06 09:26:09 正在压缩{E:\BaiduNetdiskDownload}文件到E:\/笔记20230606172609.zip
[backupTools]2023/06/06 09:26:46 正在压缩{E:\BaiduNetdiskDownload}文件到E:\/笔记20230606172646.zip
[backupTools]2023/06/06 09:27:40 正在压缩{E:\BaiduNetdiskDownload}文件到E:\/笔记20230606172740.zip
[backupTools]2023/06/06 09:31:22 正在压缩{E:\ISO}文件到E:\/笔记20230606173122.zip



[backupTools]2023/06/09 07:54:40 正在压缩{E:\Shared}文件到E:\/笔111记20230609155440.zip
[backupTools]2023/06/09 07:54:41 压缩成功！！！
[backupTools]2023/06/09 07:54:41 正在清理历史文件
[backupTools]2023/06/09 07:54:41 清理完成，备份结束！！！
[backupTools]2023/06/09 07:54:52 正在压缩{E:\Shared}文件到E:\/笔111记20230609155452.zip
[backupTools]2023/06/09 07:54:53 压缩成功！！！
[backupTools]2023/06/09 07:54:53 正在清理历史文件
[backupTools]2023/06/09 07:54:53 清理完成，备份结束！！！
[backupTools]2023/06/09 08:03:02 正在压缩{E:\Shared}文件到E:\/笔111记20230609160302.zip
[backupTools]2023/06/09 08:03:03 压缩成功！！！
[backupTools]2023/06/09 08:03:03 正在清理历史文件
[backupTools]2023/06/09 08:03:03 清理完成，备份结束！！！
[backupTools]2023/06/09 08:03:51 正在压缩{E:\Shared}文件到E:\/笔111记20230609160351.zip
[backupTools]2023/06/09 08:03:52 压缩成功！！！
[backupTools]2023/06/09 08:03:52 正在清理历史文件
[backupTools]2023/06/09 08:03:52 清理完成，备份结束！！！
[backupTools]2023/06/09 08:03:58 正在压缩{E:\Shared}文件到E:\/笔111记20230609160358.zip
[backupTools]2023/06/09 08:04:00 压缩成功！！！
[backupTools]2023/06/09 08:04:00 正在清理历史文件
[backupTools]2023/06/09 08:04:00 清理完成，备份结束！！！
[backupTools]2023/06/09 08:04:13 正在压缩{E:\Shared}文件到E:\/笔111记20230609160413.zip
[backupTools]2023/06/09 08:04:15 压缩成功！！！
[backupTools]2023/06/09 08:04:15 正在清理历史文件
[backupTools]2023/06/09 08:04:15 清理完成，备份结束！！！
[backupTools]2023/06/09 08:05:14 正在压缩{E:\Shared}文件到E:\/笔111记20230609160514.zip
[backupTools]2023/06/09 08:05:15 压缩成功！！！
[backupTools]2023/06/09 08:05:15 正在清理历史文件
[backupTools]2023/06/09 08:05:15 正在清理E:\/笔111记20230609155452.zip
[backupTools]2023/06/09 08:05:15 清理完成，备份结束！！！
[backupTools]2023/06/09 08:05:28 正在压缩{E:\Shared}文件到E:\/笔111记20230609160528.zip
[backupTools]2023/06/09 08:05:30 压缩成功！！！
[backupTools]2023/06/09 08:05:30 正在清理历史文件
[backupTools]2023/06/09 08:05:30 正在清理E:\/笔111记20230609160302.zip
[backupTools]2023/06/09 08:05:30 清理完成，备份结束！！！
[backupTools]2023/06/09 08:06:49 正在压缩{E:\Shared}文件到E:\/笔111记20230609160649.zip
[backupTools]2023/06/09 08:06:50 压缩成功！！！
[backupTools]2023/06/09 08:06:50 正在清理历史文件
[backupTools]2023/06/09 08:06:50 正在清理E:\/笔111记20230609160351.zip
[backupTools]2023/06/09 08:06:50 清理完成，备份结束！！！
[backupTools]2023/06/09 08:07:42 正在压缩{E:\Shared}文件到E://笔111记20230609160742.zip
[backupTools]2023/06/09 08:07:43 压缩成功！！！
[backupTools]2023/06/09 08:07:43 正在清理历史文件
[backupTools]2023/06/09 08:07:43 正在清理E://笔111记20230609160358.zip
[backupTools]2023/06/09 08:07:43 清理完成，备份结束！！！
